<?xml version="1.0" encoding="UTF-8"?>
<!-- Generated by org.testng.reporters.JUnitReportReporter -->
<testsuite hostname="DESKTOP-MO8E73B" failures="0" tests="1" name="luma.usa.runnerTest.MyRunner" time="59.408" errors="0" timestamp="27 Apr 2023 21:28:51 GMT" skipped="0">
  <testcase classname="luma.usa.runnerTest.MyRunner" name="runScenario" time="59.408"/>
</testsuite> <!-- luma.usa.runnerTest.MyRunner -->
