<?xml version="1.0" encoding="UTF-8"?>
<!-- Generated by org.testng.reporters.JUnitReportReporter -->
<testsuite hostname="DESKTOP-MO8E73B" failures="0" tests="1" name="luma.usa.runnerTest.MyRunner" time="95.044" errors="0" timestamp="2023-05-07T11:14:21 EDT" skipped="0">
  <testcase classname="luma.usa.runnerTest.MyRunner" name="runScenario" time="95.044"/>
  <system-out/>
</testsuite> <!-- luma.usa.runnerTest.MyRunner -->
